0 info it worked if it ends with ok
1 verbose cli [ 'C:\\Program Files\\nodejs\\node.exe',
1 verbose cli   'C:\\Program Files\\nodejs\\node_modules\\npm\\bin\\npm-cli.js',
1 verbose cli   'publish' ]
2 info using npm@3.10.3
3 info using node@v7.0.0-nightly20160712ef1f7661c7
4 verbose publish [ '.' ]
5 silly cache add args [ '.', null ]
6 verbose cache add spec .
7 silly cache add parsed spec Result {
7 silly cache add   raw: '.',
7 silly cache add   scope: null,
7 silly cache add   escapedName: null,
7 silly cache add   name: null,
7 silly cache add   rawSpec: '.',
7 silly cache add   spec: 'D:\\DATA\\hs\\git\\emiya-angular2-fetch',
7 silly cache add   type: 'directory' }
8 verbose addLocalDirectory C:\Users\Lee\AppData\Roaming\npm-cache\emiya-angular2-fetch\1.0.1\package.tgz not in flight; packing
9 verbose correctMkdir C:\Users\Lee\AppData\Roaming\npm-cache correctMkdir not in flight; initializing
10 info lifecycle emiya-angular2-fetch@1.0.1~prepublish: emiya-angular2-fetch@1.0.1
11 silly lifecycle emiya-angular2-fetch@1.0.1~prepublish: no script for prepublish, continuing
12 verbose tar pack [ 'C:\\Users\\Lee\\AppData\\Roaming\\npm-cache\\emiya-angular2-fetch\\1.0.1\\package.tgz',
12 verbose tar pack   'D:\\DATA\\hs\\git\\emiya-angular2-fetch' ]
13 verbose tarball C:\Users\Lee\AppData\Roaming\npm-cache\emiya-angular2-fetch\1.0.1\package.tgz
14 verbose folder D:\DATA\hs\git\emiya-angular2-fetch
15 verbose addLocalTarball adding from inside cache C:\Users\Lee\AppData\Roaming\npm-cache\emiya-angular2-fetch\1.0.1\package.tgz
16 verbose correctMkdir C:\Users\Lee\AppData\Roaming\npm-cache correctMkdir not in flight; initializing
17 silly cache afterAdd emiya-angular2-fetch@1.0.1
18 verbose afterAdd C:\Users\Lee\AppData\Roaming\npm-cache\emiya-angular2-fetch\1.0.1\package\package.json not in flight; writing
19 verbose correctMkdir C:\Users\Lee\AppData\Roaming\npm-cache correctMkdir not in flight; initializing
20 verbose afterAdd C:\Users\Lee\AppData\Roaming\npm-cache\emiya-angular2-fetch\1.0.1\package\package.json written
21 silly publish { name: 'emiya-angular2-fetch',
21 silly publish   version: '1.0.1',
21 silly publish   description: 'An angular2 http component with token management and mutil url switch',
21 silly publish   main: 'index.d.ts',
21 silly publish   scripts: { test: 'echo "Error: no test specified" && exit 1' },
21 silly publish   dependencies:
21 silly publish    { 'emiya-js-utils': '>=1.0.0',
21 silly publish      'emiya-angular2-token': '>=1.0.0',
21 silly publish      'emiya-ionic2-router': '>=1.0.0' },
21 silly publish   repository:
21 silly publish    { type: 'git',
21 silly publish      url: 'git+https://github.com/ionic2-ninja/emiya-angular2-fetch.git' },
21 silly publish   keywords:
21 silly publish    [ 'angular2',
21 silly publish      'ionic2',
21 silly publish      'javascript',
21 silly publish      'js',
21 silly publish      'es6',
21 silly publish      'http',
21 silly publish      'https',
21 silly publish      'fetch',
21 silly publish      'request',
21 silly publish      'network',
21 silly publish      'get',
21 silly publish      'post',
21 silly publish      'delete',
21 silly publish      'put',
21 silly publish      'restful',
21 silly publish      'xhr' ],
21 silly publish   author: { name: 'emiyalee' },
21 silly publish   license: 'MIT',
21 silly publish   bugs: { url: 'https://github.com/ionic2-ninja/emiya-angular2-fetch/issues' },
21 silly publish   homepage: 'https://github.com/ionic2-ninja/emiya-angular2-fetch#readme',
21 silly publish   readme: '#Emiya Angular2 Fetch\r\n\r\n##How to install\r\n```\r\nnpm install --save emiya-angular2-fetch\r\n```\r\n\r\n\r\n## Features\r\n\r\n* provide api to fetch data from remote/local address\r\n* integrated token auto management and login redirection\r\n\r\n\r\n### Usage\r\n\r\n```\r\nexport const Api = {\r\n  \r\n  //full config\r\n  "full": {\r\n    "url": {  //request url,different key correspond to different runtime enviroment\r\n       "release": "http://www.hcf/h0/users/token", \r\n       "local": "local://hcf/h0/users/token.json",     //prefix "local://" means it request a local json file in your project path\r\n       "dev": "/hcf/h0/users/token", \r\n       "beta": "http://172.26.0.235:4040/h0/users/token"\r\n    },\r\n    "method": "post",   //get(default)/post/put/delete\r\n    "headers":{uuid:\'dasklaslkfh313124124\'}, //additional added to request header\r\n    "params":{userid:\'emiyalee\'},   //url query params\r\n    "data":{password:\'fasfgjal;sk2312412\'},   //body params\r\n    "restful":{index:0},     //restful params,for example a request url like \'/abc/:index/\' will transform to \'/abc/0/\' \r\n   \r\n    "timeout": 6000,   //request timeout,unit is ms,default is 15000\r\n    "sendTokens": [{   //optional,auto send token config,can be mutilple\r\n      "token_map": "uuid",   //id for this token\r\n      "token_src": "local",  //where we get this token,local or session,default is local\r\n      "token_transfer_mode": "header",  //where we put this token on,header/query/payload/restful\r\n      "token_name": "access_token"    //how we named this token in header/query/payload/restful\r\n    },\r\n    "getTokens": [{  //optional,auto get token config,can be mutilple\r\n      "token_receive_mode": "header",  //where we get this token,header/payload\r\n      "token_receive_path": "data.access_token.[2].[0]",   //get token from json structure like {data:access_token[[..],                               [..],["tokenHere",..]}\r\n      "token_map": "a3", how we named this token\r\n      "token_storage_method": "local"   //where we put this token,local or session,default is local\r\n    },..],\r\n    "removeTokens": [{optional,auto remove token config,can be mutilple\r\n      "response_type": "success",  //on request sucess(status=200) or "error"(status!=200)\r\n      condition_mode: \'payload\',//header|payload   //determine the target data flag path(header/payload) \r\n      condition_path: \'data.list.[0].status\',//determine the target data flag path\r\n      condition_value: \'ok\',//optional,determine the target data flag value,null means any value representing matched,otherwise only value===condition_value means matched\r\n      "token_map": "uuid",    //which token we want to remove\r\n      "token_remove_method": "local",   //where the token we removed from\r\n      "redirect_to": TabsPage,  //optional,after token removed,redirect to specified page\r\n      "redirect_done": (ev)=>{dosomething}, //optional,callback after redirection done\r\n      "redirect_params": {"abc": "vcc", "ccc": 3, "state_access_token": "aaa"},   //params for page redirected\r\n      "redirect_params_options": {duration:0}    //options for redirect operation\r\n    }, ..]\r\n  },\r\n  \r\n  //minimal config\r\n  "mini": {\r\n    "url": {\r\n      "release": "abc",\r\n      "local": "/hcf/globalsearch/portal/querybykeyword",\r\n      "dev": "/hcf/globalsearch/portal/querybykeyword",\r\n      "test": "abc9"\r\n    }\r\n  }\r\n  \r\n}\r\n\r\nexport const proxy = [  //proxy config\r\n  { //in cordova running enviroment or proxy force enable set to true,any request via fetch with keyword \'/hcf/\' will replace with "http://www.google.com/hcfbase/hcf/"\r\n    "path": "/hcf/",\r\n    "proxyUrl": "http://www.google.com/hcfbase/hcf/"\r\n  },..]\r\n\r\n```\r\n\r\n```\r\nimport {Fetch} from "emiya-angular2-fetch";\r\nimport {Api} from "Api";\r\n\r\n@Component({\r\n  template: `<ion-nav></ion-nav>`\r\n})\r\nexport class MyApp {\r\n\r\nconstructor(platform: Platform, fetch: Fetch,) {\r\n    //load config\r\n    fetch.load(\'dev\', Api, proxy)   //\'dev\' tell fetch to use url.dev as request url,Api and proxy is what you define above\r\n    \r\n    //initiate a request\r\n    fetch.request({\r\n      "url":\'full\',    //use Api.full config\r\n      "method": "post",   //get(default)/post/put/delete\r\n      "headers":{uuid:\'dasklaslkfh313124124\'}, //additional added to request header\r\n      "params":{userid:\'emiyalee\'},   //url query params\r\n      "data":{password:\'fasfgjal;sk2312412\'},   //body params\r\n      "restful":{index:0},     //restful params,for example a request url like \'/abc/:index/\' will transform to \'/abc/0/\' \r\n    }).then((data)=>{dosomething..}).catch((err)=>{dosomething..})\r\n    \r\n    \r\n    //or you can initiate a request without using config\r\n    fetch.request({\r\n      "url":\'http://www.google.com/hcfbase/hcf/login\',    //fetch can not find this url in config so will treat this as a direct request url\r\n      "method": "post",\r\n    }).then((data)=>{dosomething..}).catch((err)=>{dosomething..})\r\n    \r\n    \r\n    //get request url\r\n    let url=this.fetch.src(\'lite\',{params:{index:0}})    //fetch.srcWithoutToken do the same just without any token\r\n    console.log(url)  //url="http://www.google.com/hcfbase/hcf/globalsearch/portal/querybykeyword?index=0"\r\n    \r\n    \r\n    \r\n  }\r\n}\r\n```\r\n\r\n### How to set/delete token\r\n[>>>emiya-angular2-token<<<](http://example.net/)\r\n\r\n\r\n### Api Referrences(todo..)\r\n\r\n\r\n',
21 silly publish   readmeFilename: 'readme.md',
21 silly publish   gitHead: '375f74f63616fb4c292d815626c5f97ac9af34cf',
21 silly publish   _id: 'emiya-angular2-fetch@1.0.1',
21 silly publish   _shasum: '1fc3a289f66bc78ee11effc4b65254a7ce3d72ce',
21 silly publish   _from: '.' }
22 verbose getPublishConfig undefined
23 silly mapToRegistry name emiya-angular2-fetch
24 silly mapToRegistry using default registry
25 silly mapToRegistry registry https://registry.npmjs.org/
26 silly mapToRegistry data Result {
26 silly mapToRegistry   raw: 'emiya-angular2-fetch',
26 silly mapToRegistry   scope: null,
26 silly mapToRegistry   escapedName: 'emiya-angular2-fetch',
26 silly mapToRegistry   name: 'emiya-angular2-fetch',
26 silly mapToRegistry   rawSpec: '',
26 silly mapToRegistry   spec: 'latest',
26 silly mapToRegistry   type: 'tag' }
27 silly mapToRegistry uri https://registry.npmjs.org/emiya-angular2-fetch
28 verbose publish registryBase https://registry.npmjs.org/
29 silly publish uploading C:\Users\Lee\AppData\Roaming\npm-cache\emiya-angular2-fetch\1.0.1\package.tgz
30 verbose request uri https://registry.npmjs.org/emiya-angular2-fetch
31 verbose request sending authorization for write operation
32 info attempt registry request try #1 at 17:37:30
33 verbose request using bearer token for auth
34 verbose request id 5e3e1c7e774c1313
35 http request PUT https://registry.npmjs.org/emiya-angular2-fetch
36 http 403 https://registry.npmjs.org/emiya-angular2-fetch
37 verbose headers { 'content-type': 'application/json',
37 verbose headers   'cache-control': 'max-age=300',
37 verbose headers   'content-length': '95',
37 verbose headers   'accept-ranges': 'bytes',
37 verbose headers   date: 'Tue, 08 Nov 2016 09:37:33 GMT',
37 verbose headers   via: '1.1 varnish',
37 verbose headers   connection: 'keep-alive',
37 verbose headers   'x-served-by': 'cache-ams4123-AMS',
37 verbose headers   'x-cache': 'MISS',
37 verbose headers   'x-cache-hits': '0',
37 verbose headers   'x-timer': 'S1478597852.210750,VS0,VE1108',
37 verbose headers   vary: 'Accept-Encoding' }
38 verbose request invalidating C:\Users\Lee\AppData\Roaming\npm-cache\registry.npmjs.org\emiya-angular2-fetch on PUT
39 error publish Failed PUT 403
40 verbose stack Error: "You cannot publish over the previously published version 1.0.1." : emiya-angular2-fetch
40 verbose stack     at makeError (C:\Program Files\nodejs\node_modules\npm\node_modules\npm-registry-client\lib\request.js:264:12)
40 verbose stack     at CachingRegistryClient.<anonymous> (C:\Program Files\nodejs\node_modules\npm\node_modules\npm-registry-client\lib\request.js:252:14)
40 verbose stack     at Request._callback (C:\Program Files\nodejs\node_modules\npm\node_modules\npm-registry-client\lib\request.js:172:14)
40 verbose stack     at Request.self.callback (C:\Program Files\nodejs\node_modules\npm\node_modules\request\request.js:200:22)
40 verbose stack     at emitTwo (events.js:106:13)
40 verbose stack     at Request.emit (events.js:191:7)
40 verbose stack     at Request.<anonymous> (C:\Program Files\nodejs\node_modules\npm\node_modules\request\request.js:1067:10)
40 verbose stack     at emitOne (events.js:101:20)
40 verbose stack     at Request.emit (events.js:188:7)
40 verbose stack     at IncomingMessage.<anonymous> (C:\Program Files\nodejs\node_modules\npm\node_modules\request\request.js:988:12)
41 verbose statusCode 403
42 verbose pkgid emiya-angular2-fetch
43 verbose cwd D:\DATA\hs\git\emiya-angular2-fetch
44 error Windows_NT 10.0.10586
45 error argv "C:\\Program Files\\nodejs\\node.exe" "C:\\Program Files\\nodejs\\node_modules\\npm\\bin\\npm-cli.js" "publish"
46 error node v7.0.0-nightly20160712ef1f7661c7
47 error npm  v3.10.3
48 error code E403
49 error "You cannot publish over the previously published version 1.0.1." : emiya-angular2-fetch
50 error If you need help, you may report this error at:
50 error     <https://github.com/npm/npm/issues>
51 verbose exit [ 1, true ]
